<?xml version="1.0" encoding="utf-8"?><testsuites name="pytest tests"><testsuite name="pytest" errors="0" failures="0" skipped="0" tests="15" time="4.896" timestamp="2026-06-19T00:02:47.162239+00:00" hostname="agent-env-5b0d8b77-8cda-4b86-9ca3-9b7f3e5ad081"><testcase classname="backend.tests.test_provvidenza_api" name="test_root_status_ok" time="0.168" /><testcase classname="backend.tests.test_provvidenza_api" name="test_login_master_returns_token_and_role" time="0.360" /><testcase classname="backend.tests.test_provvidenza_api" name="test_login_wrong_credentials_401" time="0.350" /><testcase classname="backend.tests.test_provvidenza_api" name="test_auth_me_with_token" time="0.456" /><testcase classname="backend.tests.test_provvidenza_api" name="test_auth_me_no_token" time="0.145" /><testcase classname="backend.tests.test_provvidenza_api" name="test_create_user_returns_generated_password" time="0.325" /><testcase classname="backend.tests.test_provvidenza_api" name="test_create_user_unauthorized" time="0.147" /><testcase classname="backend.tests.test_provvidenza_api" name="test_list_users_no_master_no_id" time="0.099" /><testcase classname="backend.tests.test_provvidenza_api" name="test_reset_password_rotates" time="0.697" /><testcase classname="backend.tests.test_provvidenza_api" name="test_reset_password_master_forbidden" time="0.221" /><testcase classname="backend.tests.test_provvidenza_api" name="test_delete_master_forbidden" time="0.254" /><testcase classname="backend.tests.test_provvidenza_api" name="test_slots_public_list_includes_created" time="0.211" /><testcase classname="backend.tests.test_provvidenza_api" name="test_slots_mine_for_sc_user" time="0.414" /><testcase classname="backend.tests.test_provvidenza_api" name="test_booking_create_no_auth_and_decrements" time="0.557" /><testcase classname="backend.tests.test_provvidenza_api" name="test_bookings_list_requires_auth" time="0.322" /></testsuite></testsuites>